<?xml version="1.0" encoding="UTF-8"?>
<!-- Generated by org.testng.reporters.JUnitReportReporter -->
<testsuite hostname="MOLPC132" failures="0" tests="1" name="test.UploadDocumentsandPayment_Test" time="3.094" errors="0" timestamp="2024-12-12T15:36:09 IST" skipped="0">
  <testcase classname="test.UploadDocumentsandPayment_Test" name="verify_A" time="3.094"/>
</testsuite> <!-- test.UploadDocumentsandPayment_Test -->
