<?xml version="1.0" encoding="UTF-8"?>
<!-- Generated by org.testng.reporters.JUnitReportReporter -->
<testsuite hostname="MOLPC132" failures="0" tests="1" name="test.LaunchBrowsernew" time="9.472" errors="0" timestamp="12 Dec 2024 09:21:12 GMT" skipped="0">
  <testcase classname="test.LaunchBrowsernew" name="openApplicationTest" time="9.472"/>
</testsuite> <!-- test.LaunchBrowsernew -->
