<?xml version="1.0" encoding="UTF-8"?>
<!-- Generated by org.testng.reporters.JUnitReportReporter -->
<testsuite hostname="MOLPC132" failures="0" tests="7" name="test.service_Fertilizer_Dealer_License_State.Fertilizer_NewLicense_State_Level_Test" time="452.599" errors="0" timestamp="2025-01-14T16:01:33 IST" skipped="0">
  <testcase classname="test.service_Fertilizer_Dealer_License_State.Fertilizer_NewLicense_State_Level_Test" name="verify_Applicant_Informatiom" time="33.967"/>
  <testcase classname="test.service_Fertilizer_Dealer_License_State.Fertilizer_NewLicense_State_Level_Test" name="verify_Firm_Informatiom" time="45.356"/>
  <testcase classname="test.service_Fertilizer_Dealer_License_State.Fertilizer_NewLicense_State_Level_Test" name="verify_Responsibl_Perso_Details" time="29.923"/>
  <testcase classname="test.service_Fertilizer_Dealer_License_State.Fertilizer_NewLicense_State_Level_Test" name="verify_Sales_Addres_etails" time="41.659"/>
  <testcase classname="test.service_Fertilizer_Dealer_License_State.Fertilizer_NewLicense_State_Level_Test" name="verify_Storag_Address_Details_etails" time="66.861"/>
  <testcase classname="test.service_Fertilizer_Dealer_License_State.Fertilizer_NewLicense_State_Level_Test" name="verify_Fertilizer_type_Grade" time="89.250"/>
  <testcase classname="test.service_Fertilizer_Dealer_License_State.Fertilizer_NewLicense_State_Level_Test" name="verify_Dashboard_Search" time="145.583"/>
</testsuite> <!-- test.service_Fertilizer_Dealer_License_State.Fertilizer_NewLicense_State_Level_Test -->
