<?xml version="1.0" encoding="UTF-8"?>
<!-- Generated by org.testng.reporters.JUnitReportReporter -->
<testsuite hostname="MOLPC132" failures="0" tests="6" name="test.service_Cotton_Dealer_License.Cotton_Dealer_License_State_Level_Test" time="245.153" errors="0" timestamp="2025-02-20T14:50:50 IST" skipped="0">
  <testcase classname="test.service_Cotton_Dealer_License.Cotton_Dealer_License_State_Level_Test" name="verify_Applicant_Informatiom" time="41.146"/>
  <testcase classname="test.service_Cotton_Dealer_License.Cotton_Dealer_License_State_Level_Test" name="verify_Firm_Informatiom" time="29.066"/>
  <testcase classname="test.service_Cotton_Dealer_License.Cotton_Dealer_License_State_Level_Test" name="verify_Sales_Addres_details" time="36.194"/>
  <testcase classname="test.service_Cotton_Dealer_License.Cotton_Dealer_License_State_Level_Test" name="verify_Storage_Details" time="31.963"/>
  <testcase classname="test.service_Cotton_Dealer_License.Cotton_Dealer_License_State_Level_Test" name="verify_Crop_Varieties__Details" time="55.368"/>
  <testcase classname="test.service_Cotton_Dealer_License.Cotton_Dealer_License_State_Level_Test" name="verify_Dashboard_Search" time="51.416"/>
</testsuite> <!-- test.service_Cotton_Dealer_License.Cotton_Dealer_License_State_Level_Test -->
