<?xml version="1.0" encoding="UTF-8"?>
<!-- Generated by org.testng.reporters.JUnitReportReporter -->
<testsuite hostname="MOLPC132" failures="0" tests="6" name="test.service_Insecticide_Dealer_License_State.Insecticide_Dealer_License_NewLicense_Test" time="213.723" errors="0" timestamp="2025-01-30T17:43:15 IST" skipped="0">
  <testcase classname="test.service_Insecticide_Dealer_License_State.Insecticide_Dealer_License_NewLicense_Test" name="verify_Applicant_Informatiom" time="35.104"/>
  <testcase classname="test.service_Insecticide_Dealer_License_State.Insecticide_Dealer_License_NewLicense_Test" name="verify_Firm_Informatiom" time="38.124"/>
  <testcase classname="test.service_Insecticide_Dealer_License_State.Insecticide_Dealer_License_NewLicense_Test" name="verify_Responsibl_Perso_Details" time="49.655"/>
  <testcase classname="test.service_Insecticide_Dealer_License_State.Insecticide_Dealer_License_NewLicense_Test" name="verify_Sales_Addres_etails" time="36.515"/>
  <testcase classname="test.service_Insecticide_Dealer_License_State.Insecticide_Dealer_License_NewLicense_Test" name="verify_Fertilizer_type_Grade" time="30.548"/>
  <testcase classname="test.service_Insecticide_Dealer_License_State.Insecticide_Dealer_License_NewLicense_Test" name="verify_Dashboard_Search" time="23.777"/>
</testsuite> <!-- test.service_Insecticide_Dealer_License_State.Insecticide_Dealer_License_NewLicense_Test -->
