<?xml version="1.0" encoding="UTF-8"?>
<!-- Generated by org.testng.reporters.JUnitReportReporter -->
<testsuite hostname="MOLPC132" failures="0" tests="1" name="Scrutiny_Flow_Cotton_Dealer_State.Cotton_Dealer_AO_AKO1_Test" time="90.667" errors="0" timestamp="2025-02-24T15:43:48 IST" skipped="0">
  <testcase classname="Scrutiny_Flow_Cotton_Dealer_State.Cotton_Dealer_AO_AKO1_Test" name="Scrutiny_Cotton_TO_Seed" time="90.667"/>
</testsuite> <!-- Scrutiny_Flow_Cotton_Dealer_State.Cotton_Dealer_AO_AKO1_Test -->
