<?xml version="1.0" encoding="UTF-8"?>
<!-- Generated by org.testng.reporters.JUnitReportReporter -->
<testsuite hostname="MOLPC132" failures="0" tests="1" name="test.LaunchBrowsernew_Test" time="11.458" errors="0" timestamp="12 Dec 2024 09:26:23 GMT" skipped="0">
  <testcase classname="test.LaunchBrowsernew_Test" name="openApplicationTest" time="11.458"/>
</testsuite> <!-- test.LaunchBrowsernew_Test -->
