<?xml version="1.0" encoding="UTF-8"?>
<!-- Generated by org.testng.reporters.JUnitReportReporter -->
<testsuite hostname="MOLPC132" failures="0" tests="1" name="Scrutiny_Flow_Cotton_Dealer_State.Cotton_Dealer_Dir_Agri_Test" time="59.986" errors="0" timestamp="2025-02-20T14:50:50 IST" skipped="0">
  <testcase classname="Scrutiny_Flow_Cotton_Dealer_State.Cotton_Dealer_Dir_Agri_Test" name="Scrutiny_Cotton_Dir_Agri" time="59.986"/>
</testsuite> <!-- Scrutiny_Flow_Cotton_Dealer_State.Cotton_Dealer_Dir_Agri_Test -->
