<?xml version="1.0" encoding="UTF-8"?>
<!-- Generated by org.testng.reporters.JUnitReportReporter -->
<testsuite hostname="MOLPC132" failures="0" tests="7" name="test.service_Insecticide_Manufacturing_License_Maharashtra.Insecticide_Manufacturing_License_Maharashtra_Test" time="229.927" errors="0" timestamp="2025-02-27T17:23:23 IST" skipped="0">
  <testcase classname="test.service_Insecticide_Manufacturing_License_Maharashtra.Insecticide_Manufacturing_License_Maharashtra_Test" name="verify_Applicant_Informatiom" time="25.413"/>
  <testcase classname="test.service_Insecticide_Manufacturing_License_Maharashtra.Insecticide_Manufacturing_License_Maharashtra_Test" name="verify_Firm_Informatiom" time="29.575"/>
  <testcase classname="test.service_Insecticide_Manufacturing_License_Maharashtra.Insecticide_Manufacturing_License_Maharashtra_Test" name="verify_Responsibl_Perso_Details" time="37.561"/>
  <testcase classname="test.service_Insecticide_Manufacturing_License_Maharashtra.Insecticide_Manufacturing_License_Maharashtra_Test" name="verify_Place_of_Manufacturer_Details_" time="36.286"/>
  <testcase classname="test.service_Insecticide_Manufacturing_License_Maharashtra.Insecticide_Manufacturing_License_Maharashtra_Test" name="verify_Chemical_Type_Details" time="40.666"/>
  <testcase classname="test.service_Insecticide_Manufacturing_License_Maharashtra.Insecticide_Manufacturing_License_Maharashtra_Test" name="verify_MPCB_Certificate_Details" time="33.688"/>
  <testcase classname="test.service_Insecticide_Manufacturing_License_Maharashtra.Insecticide_Manufacturing_License_Maharashtra_Test" name="verify_Experts_Staff_Details_of_Manufacture" time="26.738"/>
</testsuite> <!-- test.service_Insecticide_Manufacturing_License_Maharashtra.Insecticide_Manufacturing_License_Maharashtra_Test -->
