<?xml version="1.0" encoding="UTF-8"?>
<!-- Generated by org.testng.reporters.JUnitReportReporter -->
<testsuite hostname="MOLPC132" failures="0" tests="1" name="Scrutiny_Flow_Insect.Insect_Ao_Ako_District_Test" time="69.709" errors="0" timestamp="2025-02-06T17:27:15 IST" skipped="0">
  <testcase classname="Scrutiny_Flow_Insect.Insect_Ao_Ako_District_Test" name="Scrutiny_Dashboard" time="69.709"/>
</testsuite> <!-- Scrutiny_Flow_Insect.Insect_Ao_Ako_District_Test -->
