<?xml version="1.0" encoding="UTF-8"?>
<!-- Generated by org.testng.reporters.JUnitReportReporter -->
<testsuite hostname="MOLPC132" failures="0" tests="1" name="Scrutiny_Flow_Cotton_Dealer_State.Cotton_Dealer_DDA_AKO2_Test" time="77.047" errors="0" timestamp="2025-02-24T15:43:48 IST" skipped="0">
  <testcase classname="Scrutiny_Flow_Cotton_Dealer_State.Cotton_Dealer_DDA_AKO2_Test" name="Scrutiny_Cotton_CI_Seed" time="77.047"/>
</testsuite> <!-- Scrutiny_Flow_Cotton_Dealer_State.Cotton_Dealer_DDA_AKO2_Test -->
