<?xml version="1.0" encoding="UTF-8"?>
<!-- Generated by org.testng.reporters.JUnitReportReporter -->
<testsuite hostname="MOLPC132" failures="0" tests="6" name="UploadDoc_Insect_dealer_State_Test.UploadDocumentsandPayment_Duplicate_Test" time="199.216" errors="0" timestamp="2025-02-06T17:27:15 IST" skipped="0">
  <testcase classname="UploadDoc_Insect_dealer_State_Test.UploadDocumentsandPayment_Duplicate_Test" name="verify_Applicant_Information_Documents" time="40.122"/>
  <testcase classname="UploadDoc_Insect_dealer_State_Test.UploadDocumentsandPayment_Duplicate_Test" name="verify_Information_of_the_Firm_Organization__Documents" time="9.383"/>
  <testcase classname="UploadDoc_Insect_dealer_State_Test.UploadDocumentsandPayment_Duplicate_Test" name="verify_Responsible_Persons_Details" time="40.105"/>
  <testcase classname="UploadDoc_Insect_dealer_State_Test.UploadDocumentsandPayment_Duplicate_Test" name="verify_Sales_Address_Details_Documents" time="27.778"/>
  <testcase classname="UploadDoc_Insect_dealer_State_Test.UploadDocumentsandPayment_Duplicate_Test" name="verify_GRAS_Payment_Details_Details" time="66.070"/>
  <testcase classname="UploadDoc_Insect_dealer_State_Test.UploadDocumentsandPayment_Duplicate_Test" name="verify_Make_Payment" time="15.758"/>
</testsuite> <!-- UploadDoc_Insect_dealer_State_Test.UploadDocumentsandPayment_Duplicate_Test -->
