<?xml version="1.0" encoding="UTF-8"?>
<!-- Generated by org.testng.reporters.JUnitReportReporter -->
<testsuite hostname="MOLPC132" failures="0" tests="6" name="UploadDoc_cotton_Dealer_State_Test.UploadDocumentsandPayment_Cotton_Dealer_District_Test" time="187.078" errors="0" timestamp="2025-02-24T15:43:48 IST" skipped="0">
  <testcase classname="UploadDoc_cotton_Dealer_State_Test.UploadDocumentsandPayment_Cotton_Dealer_District_Test" name="verify_Applicant_Information_Documents" time="33.951"/>
  <testcase classname="UploadDoc_cotton_Dealer_State_Test.UploadDocumentsandPayment_Cotton_Dealer_District_Test" name="verify_Information_of_the_Firm_Organization__Documents" time="58.727"/>
  <testcase classname="UploadDoc_cotton_Dealer_State_Test.UploadDocumentsandPayment_Cotton_Dealer_District_Test" name="verify_sales_Address_Details" time="9.330"/>
  <testcase classname="UploadDoc_cotton_Dealer_State_Test.UploadDocumentsandPayment_Cotton_Dealer_District_Test" name="verify_Storage_Documents" time="26.952"/>
  <testcase classname="UploadDoc_cotton_Dealer_State_Test.UploadDocumentsandPayment_Cotton_Dealer_District_Test" name="verify_GRAS_Payment_Details_Details" time="47.722"/>
  <testcase classname="UploadDoc_cotton_Dealer_State_Test.UploadDocumentsandPayment_Cotton_Dealer_District_Test" name="verify_Make_Payment" time="10.396"/>
</testsuite> <!-- UploadDoc_cotton_Dealer_State_Test.UploadDocumentsandPayment_Cotton_Dealer_District_Test -->
