<?xml version="1.0" encoding="UTF-8"?>
<!-- Generated by org.testng.reporters.JUnitReportReporter -->
<testsuite hostname="MOLPC132" failures="0" tests="6" name="test.service_Insecticide_Dealer_License_State.Insecticide_Dealer_License_NewLicense_District_Test" time="216.605" errors="0" timestamp="2025-02-06T17:27:15 IST" skipped="0">
  <testcase classname="test.service_Insecticide_Dealer_License_State.Insecticide_Dealer_License_NewLicense_District_Test" name="verify_Applicant_Informatiom" time="35.448"/>
  <testcase classname="test.service_Insecticide_Dealer_License_State.Insecticide_Dealer_License_NewLicense_District_Test" name="verify_Firm_Informatiom" time="37.848"/>
  <testcase classname="test.service_Insecticide_Dealer_License_State.Insecticide_Dealer_License_NewLicense_District_Test" name="verify_Responsibl_Perso_Details" time="50.769"/>
  <testcase classname="test.service_Insecticide_Dealer_License_State.Insecticide_Dealer_License_NewLicense_District_Test" name="verify_Sales_Addres_etails" time="37.421"/>
  <testcase classname="test.service_Insecticide_Dealer_License_State.Insecticide_Dealer_License_NewLicense_District_Test" name="verify_Fertilizer_type_Grade" time="30.058"/>
  <testcase classname="test.service_Insecticide_Dealer_License_State.Insecticide_Dealer_License_NewLicense_District_Test" name="verify_Dashboard_Search" time="25.061"/>
</testsuite> <!-- test.service_Insecticide_Dealer_License_State.Insecticide_Dealer_License_NewLicense_District_Test -->
