<?xml version="1.0" encoding="UTF-8"?>
<!-- Generated by org.testng.reporters.JUnitReportReporter -->
<testsuite hostname="MOLPC132" failures="0" tests="8" name="Upload_documents.UploadDocumentsandPayment_Duplicate_Test" time="236.565" errors="0" timestamp="2025-01-14T16:01:33 IST" skipped="0">
  <testcase classname="Upload_documents.UploadDocumentsandPayment_Duplicate_Test" name="verify_Applicant_Information_Documents" time="40.088"/>
  <testcase classname="Upload_documents.UploadDocumentsandPayment_Duplicate_Test" name="verify_Information_of_the_Firm_Organization__Documents" time="52.431"/>
  <testcase classname="Upload_documents.UploadDocumentsandPayment_Duplicate_Test" name="verify_Responsible_Persons_Details" time="40.162"/>
  <testcase classname="Upload_documents.UploadDocumentsandPayment_Duplicate_Test" name="verify_Sales_Address_Details_Documents" time="9.339"/>
  <testcase classname="Upload_documents.UploadDocumentsandPayment_Duplicate_Test" name="verify_Storage_Address_Details_Documents" time="9.275"/>
  <testcase classname="Upload_documents.UploadDocumentsandPayment_Duplicate_Test" name="verify_Fertilizer_Type_and_Grade_Details_Documents" time="27.441"/>
  <testcase classname="Upload_documents.UploadDocumentsandPayment_Duplicate_Test" name="verify_GRAS_Payment_Details_Details" time="46.769"/>
  <testcase classname="Upload_documents.UploadDocumentsandPayment_Duplicate_Test" name="verify_Make_Payment" time="11.060"/>
</testsuite> <!-- Upload_documents.UploadDocumentsandPayment_Duplicate_Test -->
