<?xml version="1.0" encoding="UTF-8"?>
<!-- Generated by org.testng.reporters.JUnitReportReporter -->
<testsuite hostname="MOLPC132" failures="0" tests="2" name="Scrutiny_Flow_Cotton_Dealer_State.Cotton_Dealer_DSAO_AKO3_Test" time="172.045" errors="0" timestamp="2025-02-24T15:43:48 IST" skipped="0">
  <testcase classname="Scrutiny_Flow_Cotton_Dealer_State.Cotton_Dealer_DSAO_AKO3_Test" name="Scrutiny_Cotton_Dir_Agri" time="95.914"/>
  <testcase classname="Scrutiny_Flow_Cotton_Dealer_State.Cotton_Dealer_DSAO_AKO3_Test" name="verify_License" time="76.131"/>
</testsuite> <!-- Scrutiny_Flow_Cotton_Dealer_State.Cotton_Dealer_DSAO_AKO3_Test -->
