<?xml version="1.0" encoding="UTF-8"?>
<!-- Generated by org.testng.reporters.JUnitReportReporter -->
<testsuite hostname="MOLPC132" failures="0" tests="1" name="test.Login_Test" time="24.742" errors="0" timestamp="2025-02-24T15:43:48 IST" skipped="0">
  <testcase classname="test.Login_Test" name="setup" time="24.742"/>
</testsuite> <!-- test.Login_Test -->
