<?xml version="1.0" encoding="UTF-8"?>
<!-- Generated by org.testng.reporters.JUnitReportReporter -->
<testsuite hostname="MOLPC132" failures="0" tests="1" name="Scrutiny_Flow.Fertilizer_dir_agri_Test" time="70.593" errors="0" timestamp="2025-01-01T17:28:06 IST" skipped="0">
  <testcase classname="Scrutiny_Flow.Fertilizer_dir_agri_Test" name="Scrutiny_dir_agri_Dashboard" time="70.593"/>
</testsuite> <!-- Scrutiny_Flow.Fertilizer_dir_agri_Test -->
