<?xml version="1.0" encoding="UTF-8"?>
<!-- Generated by org.testng.reporters.JUnitReportReporter -->
<testsuite hostname="MOLPC132" failures="0" tests="6" name="test.service_Cotton_Dealer_License.Cotton_Dealer_License_district_level_Test" time="246.361" errors="0" timestamp="2025-02-24T15:43:48 IST" skipped="0">
  <testcase classname="test.service_Cotton_Dealer_License.Cotton_Dealer_License_district_level_Test" name="verify_Applicant_Informatiom" time="40.993"/>
  <testcase classname="test.service_Cotton_Dealer_License.Cotton_Dealer_License_district_level_Test" name="verify_Firm_Informatiom" time="29.841"/>
  <testcase classname="test.service_Cotton_Dealer_License.Cotton_Dealer_License_district_level_Test" name="verify_Sales_Addres_details" time="36.733"/>
  <testcase classname="test.service_Cotton_Dealer_License.Cotton_Dealer_License_district_level_Test" name="verify_Storage_Details" time="32.334"/>
  <testcase classname="test.service_Cotton_Dealer_License.Cotton_Dealer_License_district_level_Test" name="verify_Crop_Varieties__Details" time="55.431"/>
  <testcase classname="test.service_Cotton_Dealer_License.Cotton_Dealer_License_district_level_Test" name="verify_Dashboard_Search" time="51.029"/>
</testsuite> <!-- test.service_Cotton_Dealer_License.Cotton_Dealer_License_district_level_Test -->
